<?xml version="1.0" encoding="UTF-8"?>
<!-- Generated by org.testng.reporters.JUnitReportReporter -->
<testsuite hostname="LAPTOP-SGM82G62" failures="0" tests="1" name="com.practiceJenkins_Framework.CreateOrganisationTest" time="7.157" errors="0" timestamp="2022-08-16T14:46:51 IST" skipped="0">
  <testcase classname="com.practiceJenkins_Framework.CreateOrganisationTest" name="createOrganisationTest" time="7.157"/>
  <system-out/>
</testsuite> <!-- com.practiceJenkins_Framework.CreateOrganisationTest -->
