<?xml version="1.0" encoding="UTF-8"?>
<!-- Generated by org.testng.reporters.JUnitReportReporter -->
<testsuite hostname="LAPTOP-SGM82G62" failures="0" tests="2" name="com.practiceJenkins_Framework.CreateOrganisation" time="0.020" errors="0" timestamp="2022-08-16T13:52:58 IST" skipped="0">
  <testcase classname="com.practiceJenkins_Framework.CreateOrganisation" name="createOrg" time="0.018"/>
  <system-out/>
  <testcase classname="com.practiceJenkins_Framework.CreateOrganisation" name="createProd" time="0.002"/>
  <system-out/>
</testsuite> <!-- com.practiceJenkins_Framework.CreateOrganisation -->
